[0.315s] Invoking command in '/home/usr/usr_ws_2020/build/motion_controller_msgs': CMAKE_PREFIX_PATH=${CMAKE_PREFIX_PATH}:/opt/ros/foxy/install/ros2bag:/opt/ros/foxy/install/sros2:/opt/ros/foxy/install/ros2topic:/opt/ros/foxy/install/ros2test:/opt/ros/foxy/install/ros2component:/opt/ros/foxy/install/ros2param:/opt/ros/foxy/install/ros2lifecycle:/opt/ros/foxy/install/ros2service:/opt/ros/foxy/install/ros2run:/opt/ros/foxy/install/ros2launch:/opt/ros/foxy/install/ros2pkg:/opt/ros/foxy/install/ros2node:/opt/ros/foxy/install/ros2multicast:/opt/ros/foxy/install/ros2interface:/opt/ros/foxy/install/ros2doctor:/opt/ros/foxy/install/ros2action:/opt/ros/foxy/install/ros2cli:/opt/ros/foxy/install/launch_testing_ros:/opt/ros/foxy/install/launch_ros:/opt/ros/foxy/install/ament_uncrustify:/opt/ros/foxy/install/rpyutils:/opt/ros/foxy/install/rosidl_runtime_py:/opt/ros/foxy/install/launch_yaml:/opt/ros/foxy/install/launch_xml:/opt/ros/foxy/install/launch_testing:/opt/ros/foxy/install/launch:/opt/ros/foxy/install/osrf_pycommon:/opt/ros/foxy/install/domain_coordinator:/opt/ros/foxy/install/ament_xmllint:/opt/ros/foxy/install/ament_pep257:/opt/ros/foxy/install/ament_package:/opt/ros/foxy/install/ament_mypy:/opt/ros/foxy/install/ament_lint_cmake:/opt/ros/foxy/install/ament_flake8:/opt/ros/foxy/install/ament_copyright:/opt/ros/foxy/install/ament_lint:/opt/ros/foxy/install/ament_index_python:/opt/ros/foxy/install/ament_cpplint:/opt/ros/foxy/install/ament_cppcheck /usr/bin/cmake --build /home/usr/usr_ws_2020/build/motion_controller_msgs -- -j4 -l4
[0.653s] [  2%] Built target motion_controller_msgs__cpp
[0.881s] [ 12%] Built target motion_controller_msgs__rosidl_generator_c
[0.930s] [ 23%] Built target motion_controller_msgs__rosidl_typesupport_fastrtps_cpp
[1.114s] [ 33%] Built target motion_controller_msgs__rosidl_typesupport_introspection_c
[1.122s] [ 43%] Built target motion_controller_msgs__rosidl_typesupport_cpp
[1.156s] [ 53%] Built target motion_controller_msgs__rosidl_typesupport_introspection_cpp
[1.284s] [ 64%] Built target motion_controller_msgs__rosidl_typesupport_c
[1.344s] [ 74%] Built target motion_controller_msgs__rosidl_typesupport_fastrtps_c
[1.464s] [ 74%] Built target motion_controller_msgs
[1.575s] [ 76%] Built target motion_controller_msgs__py
[1.695s] [ 84%] Built target motion_controller_msgs__python
[1.863s] [ 89%] Built target motion_controller_msgs__rosidl_typesupport_c__pyext
[1.908s] [ 94%] Built target motion_controller_msgs__rosidl_typesupport_introspection_c__pyext
[1.930s] [100%] Built target motion_controller_msgs__rosidl_typesupport_fastrtps_c__pyext
[2.433s] Invoked command in '/home/usr/usr_ws_2020/build/motion_controller_msgs' returned '0': CMAKE_PREFIX_PATH=${CMAKE_PREFIX_PATH}:/opt/ros/foxy/install/ros2bag:/opt/ros/foxy/install/sros2:/opt/ros/foxy/install/ros2topic:/opt/ros/foxy/install/ros2test:/opt/ros/foxy/install/ros2component:/opt/ros/foxy/install/ros2param:/opt/ros/foxy/install/ros2lifecycle:/opt/ros/foxy/install/ros2service:/opt/ros/foxy/install/ros2run:/opt/ros/foxy/install/ros2launch:/opt/ros/foxy/install/ros2pkg:/opt/ros/foxy/install/ros2node:/opt/ros/foxy/install/ros2multicast:/opt/ros/foxy/install/ros2interface:/opt/ros/foxy/install/ros2doctor:/opt/ros/foxy/install/ros2action:/opt/ros/foxy/install/ros2cli:/opt/ros/foxy/install/launch_testing_ros:/opt/ros/foxy/install/launch_ros:/opt/ros/foxy/install/ament_uncrustify:/opt/ros/foxy/install/rpyutils:/opt/ros/foxy/install/rosidl_runtime_py:/opt/ros/foxy/install/launch_yaml:/opt/ros/foxy/install/launch_xml:/opt/ros/foxy/install/launch_testing:/opt/ros/foxy/install/launch:/opt/ros/foxy/install/osrf_pycommon:/opt/ros/foxy/install/domain_coordinator:/opt/ros/foxy/install/ament_xmllint:/opt/ros/foxy/install/ament_pep257:/opt/ros/foxy/install/ament_package:/opt/ros/foxy/install/ament_mypy:/opt/ros/foxy/install/ament_lint_cmake:/opt/ros/foxy/install/ament_flake8:/opt/ros/foxy/install/ament_copyright:/opt/ros/foxy/install/ament_lint:/opt/ros/foxy/install/ament_index_python:/opt/ros/foxy/install/ament_cpplint:/opt/ros/foxy/install/ament_cppcheck /usr/bin/cmake --build /home/usr/usr_ws_2020/build/motion_controller_msgs -- -j4 -l4
[2.990s] Invoking command in '/home/usr/usr_ws_2020/build/motion_controller_msgs': CMAKE_PREFIX_PATH=${CMAKE_PREFIX_PATH}:/opt/ros/foxy/install/ros2bag:/opt/ros/foxy/install/sros2:/opt/ros/foxy/install/ros2topic:/opt/ros/foxy/install/ros2test:/opt/ros/foxy/install/ros2component:/opt/ros/foxy/install/ros2param:/opt/ros/foxy/install/ros2lifecycle:/opt/ros/foxy/install/ros2service:/opt/ros/foxy/install/ros2run:/opt/ros/foxy/install/ros2launch:/opt/ros/foxy/install/ros2pkg:/opt/ros/foxy/install/ros2node:/opt/ros/foxy/install/ros2multicast:/opt/ros/foxy/install/ros2interface:/opt/ros/foxy/install/ros2doctor:/opt/ros/foxy/install/ros2action:/opt/ros/foxy/install/ros2cli:/opt/ros/foxy/install/launch_testing_ros:/opt/ros/foxy/install/launch_ros:/opt/ros/foxy/install/ament_uncrustify:/opt/ros/foxy/install/rpyutils:/opt/ros/foxy/install/rosidl_runtime_py:/opt/ros/foxy/install/launch_yaml:/opt/ros/foxy/install/launch_xml:/opt/ros/foxy/install/launch_testing:/opt/ros/foxy/install/launch:/opt/ros/foxy/install/osrf_pycommon:/opt/ros/foxy/install/domain_coordinator:/opt/ros/foxy/install/ament_xmllint:/opt/ros/foxy/install/ament_pep257:/opt/ros/foxy/install/ament_package:/opt/ros/foxy/install/ament_mypy:/opt/ros/foxy/install/ament_lint_cmake:/opt/ros/foxy/install/ament_flake8:/opt/ros/foxy/install/ament_copyright:/opt/ros/foxy/install/ament_lint:/opt/ros/foxy/install/ament_index_python:/opt/ros/foxy/install/ament_cpplint:/opt/ros/foxy/install/ament_cppcheck /usr/bin/cmake --build /home/usr/usr_ws_2020/build/motion_controller_msgs --target install -- -j4 -l4
[3.375s] [  2%] Built target motion_controller_msgs__cpp
[3.423s] [ 12%] Built target motion_controller_msgs__rosidl_generator_c
[3.442s] CMakeFiles/motion_controller_msgs__rosidl_typesupport_introspection_cpp.dir/build.make:167: recipe for target 'CMakeFiles/motion_controller_msgs__rosidl_typesupport_introspection_cpp.dir/depend' failed
[3.447s] CMakeFiles/motion_controller_msgs__rosidl_typesupport_fastrtps_cpp.dir/build.make:174: recipe for target 'CMakeFiles/motion_controller_msgs__rosidl_typesupport_fastrtps_cpp.dir/depend' failed
[3.451s] CMakeFiles/Makefile2:403: recipe for target 'CMakeFiles/motion_controller_msgs__rosidl_typesupport_introspection_cpp.dir/all' failed
[3.452s] CMakeFiles/Makefile2:325: recipe for target 'CMakeFiles/motion_controller_msgs__rosidl_typesupport_fastrtps_cpp.dir/all' failed
[3.452s] CMakeFiles/motion_controller_msgs__rosidl_typesupport_cpp.dir/build.make:158: recipe for target 'CMakeFiles/motion_controller_msgs__rosidl_typesupport_cpp.dir/depend' failed
[3.452s] CMakeFiles/Makefile2:224: recipe for target 'CMakeFiles/motion_controller_msgs__rosidl_typesupport_introspection_c.dir/all' failed
[3.453s] CMakeFiles/Makefile2:104: recipe for target 'CMakeFiles/motion_controller_msgs__rosidl_typesupport_cpp.dir/all' failed
[3.453s] Makefile:140: recipe for target 'all' failed
[3.456s] make[2]: *** [CMakeFiles/motion_controller_msgs__rosidl_typesupport_introspection_cpp.dir/depend] Interrupt
[3.457s] make[2]: *** [CMakeFiles/motion_controller_msgs__rosidl_typesupport_fastrtps_cpp.dir/depend] Interrupt
[3.457s] make[1]: *** [CMakeFiles/motion_controller_msgs__rosidl_typesupport_introspection_cpp.dir/all] Interrupt
[3.457s] make[1]: *** [CMakeFiles/motion_controller_msgs__rosidl_typesupport_fastrtps_cpp.dir/all] Interrupt
[3.458s] make[1]: *** wait: No child processes.  Stop.
[3.458s] make[1]: *** Waiting for unfinished jobs....
[3.458s] make[1]: *** wait: No child processes.  Stop.
[3.459s] make[2]: *** [CMakeFiles/motion_controller_msgs__rosidl_typesupport_cpp.dir/depend] Interrupt
[3.459s] make[1]: *** [CMakeFiles/motion_controller_msgs__rosidl_typesupport_introspection_c.dir/all] Error 2
[3.459s] make[1]: *** [CMakeFiles/motion_controller_msgs__rosidl_typesupport_cpp.dir/all] Interrupt
[3.460s] make: *** [all] Interrupt
